2016-04-26 14:55:08.715 V2 Test[11761:343747] DiskCookieStorage changing policy from 2 to 0, cookie file: file:///Users/nonche/Library/Developer/CoreSimulator/Devices/EBDD8CE7-DD6C-43C7-937E-E97C40A87743/data/Containers/Data/Application/A58C9FB3-6FBF-46A6-80AB-EEE15A1B850F/Library/Cookies/Cookies.binarycookies
2016-04-26 14:55:08.779 V2 Test[11761:343747] Apache Cordova native platform version 3.9.2 is starting.
2016-04-26 14:55:08.779 V2 Test[11761:343747] Multi-tasking -> Device: YES, App: YES
2016-04-26 14:55:08.781 V2 Test[11761:343747] Unlimited access to network resources
2016-04-26 14:55:08.926 V2 Test[11761:343747] Resetting plugins due to page load.
2016-04-26 14:55:09.328 V2 Test[11761:343747] Finished load of: file:///Users/nonche/Library/Developer/CoreSimulator/Devices/EBDD8CE7-DD6C-43C7-937E-E97C40A87743/data/Containers/Bundle/Application/84FF5676-011C-4217-8635-13E8B504F750/V2%20Test.app/www/index.html
2016-04-26 14:57:24.984 V2 Test[11761:345485] Terminating since there is no system app.
2016-04-26 15:00:11.753 V2 Test[12014:349309] DiskCookieStorage changing policy from 2 to 0, cookie file: file:///Users/nonche/Library/Developer/CoreSimulator/Devices/EBDD8CE7-DD6C-43C7-937E-E97C40A87743/data/Containers/Data/Application/E41A33C8-3D06-4488-94E5-8FDF837EB91A/Library/Cookies/Cookies.binarycookies
2016-04-26 15:00:11.994 V2 Test[12014:349309] Apache Cordova native platform version 3.9.2 is starting.
2016-04-26 15:00:11.994 V2 Test[12014:349309] Multi-tasking -> Device: YES, App: YES
2016-04-26 15:00:12.021 V2 Test[12014:349309] Unlimited access to network resources
2016-04-26 15:00:12.466 V2 Test[12014:349309] Resetting plugins due to page load.
2016-04-26 15:00:12.925 V2 Test[12014:349309] Finished load of: file:///Users/nonche/Library/Developer/CoreSimulator/Devices/EBDD8CE7-DD6C-43C7-937E-E97C40A87743/data/Containers/Bundle/Application/2834D93C-2603-473C-8189-F0BC737B89F2/V2%20Test.app/www/index.html
2016-05-11 22:04:47.216 V2 Test[36613:838607] DiskCookieStorage changing policy from 2 to 0, cookie file: file:///Users/nonche/Library/Developer/CoreSimulator/Devices/EBDD8CE7-DD6C-43C7-937E-E97C40A87743/data/Containers/Data/Application/3735FD8B-7B97-40E8-A603-726C8755BC4E/Library/Cookies/Cookies.binarycookies
2016-05-11 22:04:47.459 V2 Test[36613:838607] Apache Cordova native platform version 3.9.2 is starting.
2016-05-11 22:04:47.460 V2 Test[36613:838607] Multi-tasking -> Device: YES, App: YES
2016-05-11 22:04:47.474 V2 Test[36613:838607] Unlimited access to network resources
2016-05-11 22:04:47.937 V2 Test[36613:838607] Resetting plugins due to page load.
2016-05-11 22:04:48.088 V2 Test[36613:838607] Finished load of: file:///Users/nonche/Library/Developer/CoreSimulator/Devices/EBDD8CE7-DD6C-43C7-937E-E97C40A87743/data/Containers/Bundle/Application/4F783A68-8DFB-4E91-B86A-32662CD2963B/V2%20Test.app/www/index.html
2016-05-11 22:05:08.423 V2 Test[36613:839243] Terminating since there is no system app.
